<?xml version="1.0" encoding="utf-8"?>
<testsuite name="TestJenkinsWithIntegration.DataDirvenTest" tests="1" failures="1" errors="0" time="0.28"><properties>
[...]
</properties><testcase name="TestDataDriven" time="0.28"><failure type="Cancelling due to failed test step" message="Cancelling due to failed test step"><![CDATA[<h3><b>ConversionRate - Request 1 Failed</b></h3><pre>[Valid HTTP Status Codes] Response status code:500 is not in acceptable list of status codes
[Check for existence of [ConversionRateResult]] XPathContains assertion failed for path [declare namespace ns1='http://www.webserviceX.NET/';
exists( //ns1:ConversionRateResponse/ns1:ConversionRateResult)] : RuntimeException:java.lang.ClassCastException: org.apache.xmlbeans.impl.xpath.saxon.XBeansXPath cannot be cast to org.apache.xmlbeans.impl.store.SaxonXBeansDelegate$SelectPathInterface
</pre><hr/>]]></failure></testcase></testsuite>